do before Action

Sicherungsbeginn---------0---------------030315-090900
Sichere  /home/rene/Bash --exclude=Downloads --exclude=backup --exclude=Image  nach /tmp/vollbackup.tar
0 -> Vollsicherung 1-N -> Differentielle Sicherungen

/home/rene/Bash/
/home/rene/Bash/Cgi-cmdrunner/
/home/rene/Bash/Git/
/home/rene/Bash/Git/.git/
/home/rene/Bash/Git/.git/branches/
/home/rene/Bash/Git/.git/hooks/
/home/rene/Bash/Git/.git/info/
/home/rene/Bash/Git/.git/objects/
/home/rene/Bash/Git/.git/objects/info/
/home/rene/Bash/Git/.git/objects/pack/
/home/rene/Bash/Git/.git/refs/
/home/rene/Bash/Git/.git/refs/heads/
/home/rene/Bash/Git/.git/refs/tags/
/home/rene/Bash/aircrack/
/home/rene/Bash/ext_conf/
/home/rene/Bash/lpic/
/home/rene/Bash/lpic/Preparation/
/home/rene/Bash/lpic/Preparation/Lpic1/
/home/rene/Bash/lpic/Preparation/Lpic2/
/home/rene/Bash/lpic/The_Linux_Command_Line/
/home/rene/Bash/lpic/docs/
/home/rene/Bash/lpic/docs/Packages/
/home/rene/Bash/lpic/docs/arbeit-vorlagen/
/home/rene/Bash/lpic/docs/arbeit-vorlagen/code/
/home/rene/Bash/lpic/docs/arbeit-vorlagen/images/
/home/rene/Bash/lpic/docs/img/
/home/rene/Bash/lpic/simulator_lpic1/
/home/rene/Bash/lpic/simulator_lpic1/pruefung/
/home/rene/Bash/qr-code/
/home/rene/Bash/resizer/
/home/rene/Bash/rotated/
/home/rene/Bash/shell_programmierung/
/home/rene/Bash/shell_programmierung/bilder/
/home/rene/Bash/shell_programmierung/bilderklein/
/home/rene/Bash/shell_programmierung/common/
/home/rene/Bash/stickbackup/
/home/rene/Bash/test/
/home/rene/Bash/txt2html2/
/home/rene/Bash/txt2html2/dp.SyntaxHighlighter/
/home/rene/Bash/txt2html2/dp.SyntaxHighlighter/Scripts/
/home/rene/Bash/txt2html2/dp.SyntaxHighlighter/Styles/
/home/rene/Bash/txt2html2/dp.SyntaxHighlighter/Uncompressed/
/home/rene/Bash/yad/
/home/rene/Bash/zenity/
/home/rene/Bash/.song2html.sh.swp
/home/rene/Bash/.test1.sh.swp
/home/rene/Bash/01NetManRene.sh
/home/rene/Bash/1bis10.sh
/home/rene/Bash/VirtualBox.sh
/home/rene/Bash/XP.sh
/home/rene/Bash/XPVIS.sh
/home/rene/Bash/access_log
/home/rene/Bash/annika
/home/rene/Bash/annika.html
/home/rene/Bash/arg
/home/rene/Bash/arg.sh
/home/rene/Bash/atwhz
/home/rene/Bash/autoinstall.sh
/home/rene/Bash/avconvert
/home/rene/Bash/bash_template
/home/rene/Bash/bashlib-settings
/home/rene/Bash/bashlib.sh
/home/rene/Bash/bashrc_launcher.sh
/home/rene/Bash/bin
/home/rene/Bash/bla.sh
/home/rene/Bash/bwhz.sh
/home/rene/Bash/calc.sh
/home/rene/Bash/changebackground.sh
/home/rene/Bash/changevb.sh
/home/rene/Bash/codesnips.sh
/home/rene/Bash/config.cfg
/home/rene/Bash/convpics.sh
/home/rene/Bash/count.sh
/home/rene/Bash/createLog4apache.sh
/home/rene/Bash/createpdfofpics
/home/rene/Bash/csv2mysql.php
/home/rene/Bash/csv2mysql.php~
/home/rene/Bash/date.txt
/home/rene/Bash/doshoot.sh
/home/rene/Bash/dosic.sh
/home/rene/Bash/downloadubu7.10.sh
/home/rene/Bash/du-rene.sh
/home/rene/Bash/fan.sh
/home/rene/Bash/find.sh
/home/rene/Bash/firstrun.sh
/home/rene/Bash/fix-vdr-names.sh
/home/rene/Bash/footer.tmpl
/home/rene/Bash/genClassList.sh
/home/rene/Bash/genFolder.sh
/home/rene/Bash/genNotefile.sh
/home/rene/Bash/genbu.sh
/home/rene/Bash/geogebrastart.sh
/home/rene/Bash/getAccessLog.sh
/home/rene/Bash/getAccessLog.sh~
/home/rene/Bash/getsong.sh
/home/rene/Bash/header.tmpl
/home/rene/Bash/idev
/home/rene/Bash/index.html
/home/rene/Bash/input.csv
/home/rene/Bash/jjj.sh
/home/rene/Bash/jpeg2img.sh
/home/rene/Bash/lame2mp3.sh
/home/rene/Bash/lanmicha.sh
/home/rene/Bash/latest
/home/rene/Bash/launchRsync
/home/rene/Bash/launchVM.sh
/home/rene/Bash/launch_cam
/home/rene/Bash/launchjMemo.sh
/home/rene/Bash/lax.sh
/home/rene/Bash/loadData2Mysql
/home/rene/Bash/localetst.sh
/home/rene/Bash/logger
/home/rene/Bash/logo.png
/home/rene/Bash/lpic.html
/home/rene/Bash/mergepdfs.sh
/home/rene/Bash/migrateSamba2ldap.sh
/home/rene/Bash/minicom.sh
/home/rene/Bash/mount-allnfs.sh
/home/rene/Bash/mount-convert.sh
/home/rene/Bash/mount-myhomes.sh
/home/rene/Bash/mount-nfs.sh
/home/rene/Bash/mount-nfs2.sh
/home/rene/Bash/mount-psql.sh
/home/rene/Bash/mount-whz.sh
/home/rene/Bash/mountEncfs
/home/rene/Bash/mountalloffstab.sh
/home/rene/Bash/mountmystuff.sh
/home/rene/Bash/mounts.sh
/home/rene/Bash/mounty.sh
/home/rene/Bash/moveFiles
/home/rene/Bash/my.csv
/home/rene/Bash/myDict.sh
/home/rene/Bash/myDictGui.sh
/home/rene/Bash/neu.sh
/home/rene/Bash/nohup.out
/home/rene/Bash/noname.sh
/home/rene/Bash/note
/home/rene/Bash/ogv2avi.sh
/home/rene/Bash/openDord.sh
/home/rene/Bash/out.xml
/home/rene/Bash/output
/home/rene/Bash/pcman2.sh
/home/rene/Bash/pic2html.sh
/home/rene/Bash/ping.sh
/home/rene/Bash/power-control
/home/rene/Bash/power-state.sh
/home/rene/Bash/progressbar.sh
/home/rene/Bash/progressbar.slink
/home/rene/Bash/ps2png.sh
/home/rene/Bash/puf
/home/rene/Bash/qr.sh
/home/rene/Bash/questCDDB.sh
/home/rene/Bash/readlog.sh
/home/rene/Bash/registerDrive.sh
/home/rene/Bash/resizeImages.sh
/home/rene/Bash/return.sh
/home/rene/Bash/rotpics
/home/rene/Bash/rstst
/home/rene/Bash/runDeja-Dup.sh
/home/rene/Bash/runPc2stick.sh
/home/rene/Bash/runStickbackup.sh
/home/rene/Bash/runSync.sh
/home/rene/Bash/runas.sh
/home/rene/Bash/runscan.sh
/home/rene/Bash/runwiper.sh
/home/rene/Bash/s4pdf.sh
/home/rene/Bash/scripter
/home/rene/Bash/scripter.tar.gz
/home/rene/Bash/secfox.sh
/home/rene/Bash/sedcmdlist
/home/rene/Bash/sedexamples.txt
/home/rene/Bash/sedexamples.txt~
/home/rene/Bash/sendSVDRPmsg.sh
/home/rene/Bash/set2Mon.sh
/home/rene/Bash/setNewUuid.sh
/home/rene/Bash/snuf.sh
/home/rene/Bash/song.css
/home/rene/Bash/song.html
/home/rene/Bash/song2html.sh
/home/rene/Bash/startDevelloping.sh
/home/rene/Bash/startH2.sh
/home/rene/Bash/startPici.sh
/home/rene/Bash/startThunb.sh
/home/rene/Bash/startVcc.sh
/home/rene/Bash/startmyBar.sh
/home/rene/Bash/stopH2.sh
/home/rene/Bash/stringtest.sh
/home/rene/Bash/style.css
/home/rene/Bash/svnco-ldap.sh
/home/rene/Bash/sync.sh
/home/rene/Bash/tcpdump2.out
/home/rene/Bash/tempfile
/home/rene/Bash/template.sh
/home/rene/Bash/test.txt
/home/rene/Bash/testFunctionsOfBashrc.sh
/home/rene/Bash/testfor
/home/rene/Bash/testoutput.sh
/home/rene/Bash/testret
/home/rene/Bash/testscript.txt
/home/rene/Bash/traffic-reset.sh
/home/rene/Bash/tst
/home/rene/Bash/tst.sh
/home/rene/Bash/txt2html.sed
/home/rene/Bash/umount-all.sh
/home/rene/Bash/umount-nfs.sh
/home/rene/Bash/umount-nfs2.sh
/home/rene/Bash/umount-whz.sh
/home/rene/Bash/umounts.sh
/home/rene/Bash/umso.sh
/home/rene/Bash/watchfan.sh
/home/rene/Bash/whatsup.sh
/home/rene/Bash/workonffadd.sh
/home/rene/Bash/Cgi-cmdrunner/front_end_very_basic_httpd_cgi-bin_cmd_runner.html
/home/rene/Bash/Cgi-cmdrunner/index.html
/home/rene/Bash/Cgi-cmdrunner/very_basic_httpd_cgi-bin_cmd_runner.sh
/home/rene/Bash/Git/.git/HEAD
/home/rene/Bash/Git/.git/config
/home/rene/Bash/Git/.git/description
/home/rene/Bash/Git/.git/hooks/applypatch-msg.sample
/home/rene/Bash/Git/.git/hooks/commit-msg.sample
/home/rene/Bash/Git/.git/hooks/post-update.sample
/home/rene/Bash/Git/.git/hooks/pre-applypatch.sample
/home/rene/Bash/Git/.git/hooks/pre-commit.sample
/home/rene/Bash/Git/.git/hooks/pre-rebase.sample
/home/rene/Bash/Git/.git/hooks/prepare-commit-msg.sample
/home/rene/Bash/Git/.git/hooks/update.sample
/home/rene/Bash/Git/.git/info/exclude
/home/rene/Bash/aircrack/wdown.sh
/home/rene/Bash/aircrack/wstart.sh
/home/rene/Bash/ext_conf/main.conf
/home/rene/Bash/ext_conf/main.php
/home/rene/Bash/ext_conf/main.sh
/home/rene/Bash/lpic/lpic.csv
/home/rene/Bash/lpic/Preparation/lxes-de-manual-cc.pdf
/home/rene/Bash/lpic/Preparation/Lpic1/GNU-FDL-OO-LPI-102-0.2.pdf
/home/rene/Bash/lpic/Preparation/Lpic1/SerNet-LATM-LPI-101-v-0.2.pdf
/home/rene/Bash/lpic/Preparation/Lpic2/GNU-FDL-OO-LPI-201-0.1.pdf
/home/rene/Bash/lpic/Preparation/Lpic2/GNU-FDL-OO-LPI-202-0.3.pdf
/home/rene/Bash/lpic/The_Linux_Command_Line/51vgLTkNsIL._SL500_AA300_.jpg
/home/rene/Bash/lpic/The_Linux_Command_Line/TLCL-13.07.pdf
/home/rene/Bash/lpic/docs/0Doku (copy).tex
/home/rene/Bash/lpic/docs/0Doku.aux
/home/rene/Bash/lpic/docs/0Doku.log
/home/rene/Bash/lpic/docs/0Doku.out
/home/rene/Bash/lpic/docs/0Doku.pdf
/home/rene/Bash/lpic/docs/0Doku.tex
/home/rene/Bash/lpic/docs/0Doku.tex~
/home/rene/Bash/lpic/docs/Makefile
/home/rene/Bash/lpic/docs/Packages/graphics.zip
/home/rene/Bash/lpic/docs/Packages/wrapfig.zip
/home/rene/Bash/lpic/docs/arbeit-vorlagen/Makefile
/home/rene/Bash/lpic/docs/arbeit-vorlagen/alphadin_martin.bst
/home/rene/Bash/lpic/docs/arbeit-vorlagen/arbeit-vorlage-praeambel.tex
/home/rene/Bash/lpic/docs/arbeit-vorlagen/arbeit-vorlage.aux
/home/rene/Bash/lpic/docs/arbeit-vorlagen/arbeit-vorlage.lof
/home/rene/Bash/lpic/docs/arbeit-vorlagen/arbeit-vorlage.log
/home/rene/Bash/lpic/docs/arbeit-vorlagen/arbeit-vorlage.lot
/home/rene/Bash/lpic/docs/arbeit-vorlagen/arbeit-vorlage.out
/home/rene/Bash/lpic/docs/arbeit-vorlagen/arbeit-vorlage.pdf
/home/rene/Bash/lpic/docs/arbeit-vorlagen/arbeit-vorlage.tex
/home/rene/Bash/lpic/docs/arbeit-vorlagen/arbeit-vorlage.toc
/home/rene/Bash/lpic/docs/arbeit-vorlagen/arbeit-vortrag-vorlage-praeambel.tex
/home/rene/Bash/lpic/docs/arbeit-vorlagen/arbeit-vortrag-vorlage.tex
/home/rene/Bash/lpic/docs/arbeit-vorlagen/bibliographie.bib
/home/rene/Bash/lpic/docs/arbeit-vorlagen/code/cpu.c
/home/rene/Bash/lpic/docs/arbeit-vorlagen/images/bild.pdf
/home/rene/Bash/lpic/docs/img/locator.png
/home/rene/Bash/lpic/docs/img/pic2svg.eps
/home/rene/Bash/lpic/docs/img/pic2vid.jpg
/home/rene/Bash/lpic/docs/img/qtc-keys.jpg
/home/rene/Bash/lpic/docs/img/qwt1.jpg
/home/rene/Bash/lpic/docs/img/qwt2.jpg
/home/rene/Bash/lpic/simulator_lpic1/LIESMICH.TXT
/home/rene/Bash/lpic/simulator_lpic1/pruefungssimulator_starten.html
/home/rene/Bash/lpic/simulator_lpic1/pruefung/Einstellungen.png
/home/rene/Bash/lpic/simulator_lpic1/pruefung/FlowPlayer.swf
/home/rene/Bash/lpic/simulator_lpic1/pruefung/Hauptmenue.png
/home/rene/Bash/lpic/simulator_lpic1/pruefung/Standardfrage.png
/home/rene/Bash/lpic/simulator_lpic1/pruefung/Suchergebnis-Fenster.txt
/home/rene/Bash/lpic/simulator_lpic1/pruefung/anleitung.html
/home/rene/Bash/lpic/simulator_lpic1/pruefung/auswertung.png
/home/rene/Bash/lpic/simulator_lpic1/pruefung/default.css
/home/rene/Bash/lpic/simulator_lpic1/pruefung/falsch.png
/home/rene/Bash/lpic/simulator_lpic1/pruefung/ladeanimation.gif
/home/rene/Bash/lpic/simulator_lpic1/pruefung/lpic1.html
/home/rene/Bash/lpic/simulator_lpic1/pruefung/lpic1.xml
/home/rene/Bash/lpic/simulator_lpic1/pruefung/lpic2.html
/home/rene/Bash/lpic/simulator_lpic1/pruefung/lpic2.xml
/home/rene/Bash/lpic/simulator_lpic1/pruefung/nix.png
/home/rene/Bash/lpic/simulator_lpic1/pruefung/ok.png
/home/rene/Bash/lpic/simulator_lpic1/pruefung/okfalsch.png
/home/rene/Bash/lpic/simulator_lpic1/pruefung/startvorgang.js
/home/rene/Bash/lpic/simulator_lpic1/pruefung/teststeuerung.js
/home/rene/Bash/lpic/simulator_lpic1/pruefung/ueber.html
/home/rene/Bash/lpic/simulator_lpic1/pruefung/wiedervorlage.png
/home/rene/Bash/lpic/simulator_lpic1/pruefung/zeit.js
/home/rene/Bash/qr-code/2795140-QR-enCode_GUI.sh
/home/rene/Bash/qr-code/2907312-QR-enCode_GUI.sh
/home/rene/Bash/resizer/Bilder.zip
/home/rene/Bash/resizer/DSC_3873.jpg
/home/rene/Bash/shell_programmierung/index.htm
/home/rene/Bash/shell_programmierung/shell_001_000.htm
/home/rene/Bash/shell_programmierung/shell_001_001.htm
/home/rene/Bash/shell_programmierung/shell_002_000.htm
/home/rene/Bash/shell_programmierung/shell_003_000.htm
/home/rene/Bash/shell_programmierung/shell_003_001.htm
/home/rene/Bash/shell_programmierung/shell_003_002.htm
/home/rene/Bash/shell_programmierung/shell_003_003.htm
/home/rene/Bash/shell_programmierung/shell_003_004.htm
/home/rene/Bash/shell_programmierung/shell_003_005.htm
/home/rene/Bash/shell_programmierung/shell_003_006.htm
/home/rene/Bash/shell_programmierung/shell_003_007.htm
/home/rene/Bash/shell_programmierung/shell_003_008.htm
/home/rene/Bash/shell_programmierung/shell_003_009.htm
/home/rene/Bash/shell_programmierung/shell_003_010.htm
/home/rene/Bash/shell_programmierung/shell_004_000.htm
/home/rene/Bash/shell_programmierung/shell_004_001.htm
/home/rene/Bash/shell_programmierung/shell_004_002.htm
/home/rene/Bash/shell_programmierung/shell_004_003.htm
/home/rene/Bash/shell_programmierung/shell_004_004.htm
/home/rene/Bash/shell_programmierung/shell_004_005.htm
/home/rene/Bash/shell_programmierung/shell_004_006.htm
/home/rene/Bash/shell_programmierung/shell_004_007.htm
/home/rene/Bash/shell_programmierung/shell_004_008.htm
/home/rene/Bash/shell_programmierung/shell_005_000.htm
/home/rene/Bash/shell_programmierung/shell_005_001.htm
/home/rene/Bash/shell_programmierung/shell_005_002.htm
/home/rene/Bash/shell_programmierung/shell_005_003.htm
/home/rene/Bash/shell_programmierung/shell_005_004.htm
/home/rene/Bash/shell_programmierung/shell_005_005.htm
/home/rene/Bash/shell_programmierung/shell_005_006.htm
/home/rene/Bash/shell_programmierung/shell_005_007.htm
/home/rene/Bash/shell_programmierung/shell_005_008.htm
/home/rene/Bash/shell_programmierung/shell_006_000.htm
/home/rene/Bash/shell_programmierung/shell_006_001.htm
/home/rene/Bash/shell_programmierung/shell_006_002.htm
/home/rene/Bash/shell_programmierung/shell_006_003.htm
/home/rene/Bash/shell_programmierung/shell_006_004.htm
/home/rene/Bash/shell_programmierung/shell_006_005.htm
/home/rene/Bash/shell_programmierung/shell_006_006.htm
/home/rene/Bash/shell_programmierung/shell_006_007.htm
/home/rene/Bash/shell_programmierung/shell_006_008.htm
/home/rene/Bash/shell_programmierung/shell_006_009.htm
/home/rene/Bash/shell_programmierung/shell_006_010.htm
/home/rene/Bash/shell_programmierung/shell_006_011.htm
/home/rene/Bash/shell_programmierung/shell_006_012.htm
/home/rene/Bash/shell_programmierung/shell_006_013.htm
/home/rene/Bash/shell_programmierung/shell_007_000.htm
/home/rene/Bash/shell_programmierung/shell_007_001.htm
/home/rene/Bash/shell_programmierung/shell_007_002.htm
/home/rene/Bash/shell_programmierung/shell_007_003.htm
/home/rene/Bash/shell_programmierung/shell_007_004.htm
/home/rene/Bash/shell_programmierung/shell_007_005.htm
/home/rene/Bash/shell_programmierung/shell_007_006.htm
/home/rene/Bash/shell_programmierung/shell_007_007.htm
/home/rene/Bash/shell_programmierung/shell_007_008.htm
/home/rene/Bash/shell_programmierung/shell_008_000.htm
/home/rene/Bash/shell_programmierung/shell_008_001.htm
/home/rene/Bash/shell_programmierung/shell_008_002.htm
/home/rene/Bash/shell_programmierung/shell_008_003.htm
/home/rene/Bash/shell_programmierung/shell_008_004.htm
/home/rene/Bash/shell_programmierung/shell_008_005.htm
/home/rene/Bash/shell_programmierung/shell_008_006.htm
/home/rene/Bash/shell_programmierung/shell_009_000.htm
/home/rene/Bash/shell_programmierung/shell_009_001.htm
/home/rene/Bash/shell_programmierung/shell_009_002.htm
/home/rene/Bash/shell_programmierung/shell_010_000.htm
/home/rene/Bash/shell_programmierung/shell_010_001.htm
/home/rene/Bash/shell_programmierung/shell_010_002.htm
/home/rene/Bash/shell_programmierung/shell_010_003.htm
/home/rene/Bash/shell_programmierung/shell_010_004.htm
/home/rene/Bash/shell_programmierung/shell_010_005.htm
/home/rene/Bash/shell_programmierung/shell_010_006.htm
/home/rene/Bash/shell_programmierung/shell_010_007.htm
/home/rene/Bash/shell_programmierung/shell_010_008.htm
/home/rene/Bash/shell_programmierung/shell_010_009.htm
/home/rene/Bash/shell_programmierung/shell_010_010.htm
/home/rene/Bash/shell_programmierung/shell_011_000.htm
/home/rene/Bash/shell_programmierung/shell_011_001.htm
/home/rene/Bash/shell_programmierung/shell_011_002.htm
/home/rene/Bash/shell_programmierung/shell_011_003.htm
/home/rene/Bash/shell_programmierung/shell_011_004.htm
/home/rene/Bash/shell_programmierung/shell_011_005.htm
/home/rene/Bash/shell_programmierung/shell_011_006.htm
/home/rene/Bash/shell_programmierung/shell_012_000.htm
/home/rene/Bash/shell_programmierung/shell_012_001.htm
/home/rene/Bash/shell_programmierung/shell_012_002.htm
/home/rene/Bash/shell_programmierung/shell_013_000.htm
/home/rene/Bash/shell_programmierung/shell_013_001.htm
/home/rene/Bash/shell_programmierung/shell_014_000.htm
/home/rene/Bash/shell_programmierung/shell_014_001.htm
/home/rene/Bash/shell_programmierung/shell_014_002.htm
/home/rene/Bash/shell_programmierung/shell_014_003.htm
/home/rene/Bash/shell_programmierung/shell_014_004.htm
/home/rene/Bash/shell_programmierung/shell_015_000.htm
/home/rene/Bash/shell_programmierung/shell_015_001.htm
/home/rene/Bash/shell_programmierung/shell_015_002.htm
/home/rene/Bash/shell_programmierung/shell_015_003.htm
/home/rene/Bash/shell_programmierung/shell_015_004.htm
/home/rene/Bash/shell_programmierung/shell_015_005.htm
/home/rene/Bash/shell_programmierung/shell_015_006.htm
/home/rene/Bash/shell_programmierung/shell_016_000.htm
/home/rene/Bash/shell_programmierung/shell_016_001.htm
/home/rene/Bash/shell_programmierung/shell_016_002.htm
/home/rene/Bash/shell_programmierung/shell_016_003.htm
/home/rene/Bash/shell_programmierung/shell_016_004.htm
/home/rene/Bash/shell_programmierung/shell_016_005.htm
/home/rene/Bash/shell_programmierung/shell_016_006.htm
/home/rene/Bash/shell_programmierung/shell_016_007.htm
/home/rene/Bash/shell_programmierung/shell_016_008.htm
/home/rene/Bash/shell_programmierung/shell_016_009.htm
/home/rene/Bash/shell_programmierung/shell_016_010.htm
/home/rene/Bash/shell_programmierung/shell_016_011.htm
/home/rene/Bash/shell_programmierung/shell_016_012.htm
/home/rene/Bash/shell_programmierung/shell_016_013.htm
/home/rene/Bash/shell_programmierung/shell_016_014.htm
/home/rene/Bash/shell_programmierung/shell_016_015.htm
/home/rene/Bash/shell_programmierung/shell_016_016.htm
/home/rene/Bash/shell_programmierung/shell_017_000.htm
/home/rene/Bash/shell_programmierung/shell_017_001.htm
/home/rene/Bash/shell_programmierung/shell_017_002.htm
/home/rene/Bash/shell_programmierung/shell_017_003.htm
/home/rene/Bash/shell_programmierung/shell_017_004.htm
/home/rene/Bash/shell_programmierung/shell_017_005.htm
/home/rene/Bash/shell_programmierung/shell_018_A_000.htm
/home/rene/Bash/shell_programmierung/shell_018_A_001.htm
/home/rene/Bash/shell_programmierung/shell_018_A_002.htm
/home/rene/Bash/shell_programmierung/shell_018_A_003.htm
/home/rene/Bash/shell_programmierung/shell_018_A_004.htm
/home/rene/Bash/shell_programmierung/shell_018_A_005.htm
/home/rene/Bash/shell_programmierung/shell_018_A_006.htm
/home/rene/Bash/shell_programmierung/shell_018_A_007.htm
/home/rene/Bash/shell_programmierung/stichwort.htm
/home/rene/Bash/shell_programmierung/bilder/01_01.gif
/home/rene/Bash/shell_programmierung/bilder/01_02.gif
/home/rene/Bash/shell_programmierung/bilder/01_03.gif
/home/rene/Bash/shell_programmierung/bilder/01_04.gif
/home/rene/Bash/shell_programmierung/bilder/01_05.gif
/home/rene/Bash/shell_programmierung/bilder/01_06.gif
/home/rene/Bash/shell_programmierung/bilder/01_07.gif
/home/rene/Bash/shell_programmierung/bilder/01_08.gif
/home/rene/Bash/shell_programmierung/bilder/03_01.gif
/home/rene/Bash/shell_programmierung/bilder/03_02.gif
/home/rene/Bash/shell_programmierung/bilder/03_03.gif
/home/rene/Bash/shell_programmierung/bilder/03_04.gif
/home/rene/Bash/shell_programmierung/bilder/04_01.gif
/home/rene/Bash/shell_programmierung/bilder/04_02.gif
/home/rene/Bash/shell_programmierung/bilder/04_03.gif
/home/rene/Bash/shell_programmierung/bilder/04_04.gif
/home/rene/Bash/shell_programmierung/bilder/04_05.gif
/home/rene/Bash/shell_programmierung/bilder/04_06.gif
/home/rene/Bash/shell_programmierung/bilder/04_07.gif
/home/rene/Bash/shell_programmierung/bilder/04_08.gif
/home/rene/Bash/shell_programmierung/bilder/04_09.gif
/home/rene/Bash/shell_programmierung/bilder/04_10.gif
/home/rene/Bash/shell_programmierung/bilder/04_11.gif
/home/rene/Bash/shell_programmierung/bilder/04_12.gif
/home/rene/Bash/shell_programmierung/bilder/04_13.gif
/home/rene/Bash/shell_programmierung/bilder/05_01.gif
/home/rene/Bash/shell_programmierung/bilder/05_02.gif
/home/rene/Bash/shell_programmierung/bilder/05_03.gif
/home/rene/Bash/shell_programmierung/bilder/05_04.gif
/home/rene/Bash/shell_programmierung/bilder/05_05.gif
/home/rene/Bash/shell_programmierung/bilder/05_06.gif
/home/rene/Bash/shell_programmierung/bilder/05_07.gif
/home/rene/Bash/shell_programmierung/bilder/05_08.gif
/home/rene/Bash/shell_programmierung/bilder/05_09.gif
/home/rene/Bash/shell_programmierung/bilder/05_10.gif
/home/rene/Bash/shell_programmierung/bilder/05_11.gif
/home/rene/Bash/shell_programmierung/bilder/05_12.gif
/home/rene/Bash/shell_programmierung/bilder/05_13.gif
/home/rene/Bash/shell_programmierung/bilder/05_14.gif
/home/rene/Bash/shell_programmierung/bilder/05_15.gif
/home/rene/Bash/shell_programmierung/bilder/05_16.gif
/home/rene/Bash/shell_programmierung/bilder/05_17.gif
/home/rene/Bash/shell_programmierung/bilder/05_18.gif
/home/rene/Bash/shell_programmierung/bilder/05_19.gif
/home/rene/Bash/shell_programmierung/bilder/05_20.gif
/home/rene/Bash/shell_programmierung/bilder/05_21.gif
/home/rene/Bash/shell_programmierung/bilder/05_22.gif
/home/rene/Bash/shell_programmierung/bilder/05_23.gif
/home/rene/Bash/shell_programmierung/bilder/07_01.gif
/home/rene/Bash/shell_programmierung/bilder/07_02.gif
/home/rene/Bash/shell_programmierung/bilder/08_01.gif
/home/rene/Bash/shell_programmierung/bilder/08_02.gif
/home/rene/Bash/shell_programmierung/bilder/08_03.gif
/home/rene/Bash/shell_programmierung/bilder/08_04.gif
/home/rene/Bash/shell_programmierung/bilder/12_01.gif
/home/rene/Bash/shell_programmierung/bilder/15_01.gif
/home/rene/Bash/shell_programmierung/bilder/15_02.gif
/home/rene/Bash/shell_programmierung/bilder/15_03.gif
/home/rene/Bash/shell_programmierung/bilder/15_04.gif
/home/rene/Bash/shell_programmierung/bilder/15_05.gif
/home/rene/Bash/shell_programmierung/bilder/15_06.gif
/home/rene/Bash/shell_programmierung/bilder/15_07.gif
/home/rene/Bash/shell_programmierung/bilder/15_08.gif
/home/rene/Bash/shell_programmierung/bilder/icke_sw.gif
/home/rene/Bash/shell_programmierung/bilderklein/klein01_01.gif
/home/rene/Bash/shell_programmierung/bilderklein/klein01_02.gif
/home/rene/Bash/shell_programmierung/bilderklein/klein01_03.gif
/home/rene/Bash/shell_programmierung/bilderklein/klein01_04.gif
/home/rene/Bash/shell_programmierung/bilderklein/klein01_05.gif
/home/rene/Bash/shell_programmierung/bilderklein/klein01_06.gif
/home/rene/Bash/shell_programmierung/bilderklein/klein01_07.gif
/home/rene/Bash/shell_programmierung/bilderklein/klein01_08.gif
/home/rene/Bash/shell_programmierung/bilderklein/klein03_01.gif
/home/rene/Bash/shell_programmierung/bilderklein/klein03_02.gif
/home/rene/Bash/shell_programmierung/bilderklein/klein03_03.gif
/home/rene/Bash/shell_programmierung/bilderklein/klein03_04.gif
/home/rene/Bash/shell_programmierung/bilderklein/klein04_01.gif
/home/rene/Bash/shell_programmierung/bilderklein/klein04_02.gif
/home/rene/Bash/shell_programmierung/bilderklein/klein04_03.gif
/home/rene/Bash/shell_programmierung/bilderklein/klein04_04.gif
/home/rene/Bash/shell_programmierung/bilderklein/klein04_05.gif
/home/rene/Bash/shell_programmierung/bilderklein/klein04_06.gif
/home/rene/Bash/shell_programmierung/bilderklein/klein04_07.gif
/home/rene/Bash/shell_programmierung/bilderklein/klein04_08.gif
/home/rene/Bash/shell_programmierung/bilderklein/klein04_09.gif
/home/rene/Bash/shell_programmierung/bilderklein/klein04_10.gif
/home/rene/Bash/shell_programmierung/bilderklein/klein04_11.gif
/home/rene/Bash/shell_programmierung/bilderklein/klein04_12.gif
/home/rene/Bash/shell_programmierung/bilderklein/klein04_13.gif
/home/rene/Bash/shell_programmierung/bilderklein/klein05_01.gif
/home/rene/Bash/shell_programmierung/bilderklein/klein05_02.gif
/home/rene/Bash/shell_programmierung/bilderklein/klein05_03.gif
/home/rene/Bash/shell_programmierung/bilderklein/klein05_04.gif
/home/rene/Bash/shell_programmierung/bilderklein/klein05_05.gif
/home/rene/Bash/shell_programmierung/bilderklein/klein05_06.gif
/home/rene/Bash/shell_programmierung/bilderklein/klein05_07.gif
/home/rene/Bash/shell_programmierung/bilderklein/klein05_08.gif
/home/rene/Bash/shell_programmierung/bilderklein/klein05_09.gif
/home/rene/Bash/shell_programmierung/bilderklein/klein05_10.gif
/home/rene/Bash/shell_programmierung/bilderklein/klein05_11.gif
/home/rene/Bash/shell_programmierung/bilderklein/klein05_12.gif
/home/rene/Bash/shell_programmierung/bilderklein/klein05_13.gif
/home/rene/Bash/shell_programmierung/bilderklein/klein05_14.gif
/home/rene/Bash/shell_programmierung/bilderklein/klein05_15.gif
/home/rene/Bash/shell_programmierung/bilderklein/klein05_16.gif
/home/rene/Bash/shell_programmierung/bilderklein/klein05_17.gif
/home/rene/Bash/shell_programmierung/bilderklein/klein05_18.gif
/home/rene/Bash/shell_programmierung/bilderklein/klein05_19.gif
/home/rene/Bash/shell_programmierung/bilderklein/klein05_20.gif
/home/rene/Bash/shell_programmierung/bilderklein/klein05_21.gif
/home/rene/Bash/shell_programmierung/bilderklein/klein05_22.gif
/home/rene/Bash/shell_programmierung/bilderklein/klein05_23.gif
/home/rene/Bash/shell_programmierung/bilderklein/klein07_01.gif
/home/rene/Bash/shell_programmierung/bilderklein/klein07_02.gif
/home/rene/Bash/shell_programmierung/bilderklein/klein08_01.gif
/home/rene/Bash/shell_programmierung/bilderklein/klein08_02.gif
/home/rene/Bash/shell_programmierung/bilderklein/klein08_03.gif
/home/rene/Bash/shell_programmierung/bilderklein/klein08_04.gif
/home/rene/Bash/shell_programmierung/bilderklein/klein12_01.gif
/home/rene/Bash/shell_programmierung/bilderklein/klein15_01.gif
/home/rene/Bash/shell_programmierung/bilderklein/klein15_02.gif
/home/rene/Bash/shell_programmierung/bilderklein/klein15_03.gif
/home/rene/Bash/shell_programmierung/bilderklein/klein15_04.gif
/home/rene/Bash/shell_programmierung/bilderklein/klein15_05.gif
/home/rene/Bash/shell_programmierung/bilderklein/klein15_06.gif
/home/rene/Bash/shell_programmierung/bilderklein/klein15_07.gif
/home/rene/Bash/shell_programmierung/bilderklein/klein15_08.gif
/home/rene/Bash/shell_programmierung/bilderklein/kleinicke_sw.gif
/home/rene/Bash/shell_programmierung/common/15x15leer.gif
/home/rene/Bash/shell_programmierung/common/626_90px.gif
/home/rene/Bash/shell_programmierung/common/643_90px.gif
/home/rene/Bash/shell_programmierung/common/677_90px.gif
/home/rene/Bash/shell_programmierung/common/683.gif
/home/rene/Bash/shell_programmierung/common/683_90px.gif
/home/rene/Bash/shell_programmierung/common/749_90px.gif
/home/rene/Bash/shell_programmierung/common/754_90px.gif
/home/rene/Bash/shell_programmierung/common/back_blau_weiss.gif
/home/rene/Bash/shell_programmierung/common/down.gif
/home/rene/Bash/shell_programmierung/common/galileo_open.css
/home/rene/Bash/shell_programmierung/common/galileocomputing.gif
/home/rene/Bash/shell_programmierung/common/galileocomputing_openbook.gif
/home/rene/Bash/shell_programmierung/common/gp.gif
/home/rene/Bash/shell_programmierung/common/jupiters.gif
/home/rene/Bash/shell_programmierung/common/leer.gif
/home/rene/Bash/shell_programmierung/common/pfeil_rechts5.gif
/home/rene/Bash/shell_programmierung/common/pfeil_u.gif
/home/rene/Bash/shell_programmierung/common/spacer10.gif
/home/rene/Bash/shell_programmierung/common/top.gif
/home/rene/Bash/stickbackup/01-backup.rules
/home/rene/Bash/stickbackup/runStickbackup
/home/rene/Bash/test/ps2png.sh
/home/rene/Bash/test/readsettings.sh
/home/rene/Bash/test/settings.conf
/home/rene/Bash/test/test.html
/home/rene/Bash/test/testlist.sh
/home/rene/Bash/txt2html2/AutomaticlyIndexCreation.html
/home/rene/Bash/txt2html2/Indexer.js
/home/rene/Bash/txt2html2/howto
/home/rene/Bash/txt2html2/output
/home/rene/Bash/txt2html2/paper.jpg
/home/rene/Bash/txt2html2/runText2html.sh
/home/rene/Bash/txt2html2/tempfile
/home/rene/Bash/txt2html2/text2html.sed
/home/rene/Bash/txt2html2/text2html.sed~
/home/rene/Bash/txt2html2/txt2html2.sed~
/home/rene/Bash/txt2html2/dp.SyntaxHighlighter/Scripts/clipboard.swf
/home/rene/Bash/txt2html2/dp.SyntaxHighlighter/Scripts/shBrushCSharp.js
/home/rene/Bash/txt2html2/dp.SyntaxHighlighter/Scripts/shBrushCpp.js
/home/rene/Bash/txt2html2/dp.SyntaxHighlighter/Scripts/shBrushCss.js
/home/rene/Bash/txt2html2/dp.SyntaxHighlighter/Scripts/shBrushDelphi.js
/home/rene/Bash/txt2html2/dp.SyntaxHighlighter/Scripts/shBrushJScript.js
/home/rene/Bash/txt2html2/dp.SyntaxHighlighter/Scripts/shBrushJava.js
/home/rene/Bash/txt2html2/dp.SyntaxHighlighter/Scripts/shBrushPhp.js
/home/rene/Bash/txt2html2/dp.SyntaxHighlighter/Scripts/shBrushPython.js
/home/rene/Bash/txt2html2/dp.SyntaxHighlighter/Scripts/shBrushRuby.js
/home/rene/Bash/txt2html2/dp.SyntaxHighlighter/Scripts/shBrushSql.js
/home/rene/Bash/txt2html2/dp.SyntaxHighlighter/Scripts/shBrushVb.js
/home/rene/Bash/txt2html2/dp.SyntaxHighlighter/Scripts/shBrushXml.js
/home/rene/Bash/txt2html2/dp.SyntaxHighlighter/Scripts/shCore.js
/home/rene/Bash/txt2html2/dp.SyntaxHighlighter/Styles/SyntaxHighlighter.css
/home/rene/Bash/txt2html2/dp.SyntaxHighlighter/Uncompressed/shBrushCSharp.js
/home/rene/Bash/txt2html2/dp.SyntaxHighlighter/Uncompressed/shBrushCpp.js
/home/rene/Bash/txt2html2/dp.SyntaxHighlighter/Uncompressed/shBrushCss.js
/home/rene/Bash/txt2html2/dp.SyntaxHighlighter/Uncompressed/shBrushDelphi.js
/home/rene/Bash/txt2html2/dp.SyntaxHighlighter/Uncompressed/shBrushJScript.js
/home/rene/Bash/txt2html2/dp.SyntaxHighlighter/Uncompressed/shBrushJava.js
/home/rene/Bash/txt2html2/dp.SyntaxHighlighter/Uncompressed/shBrushPhp.js
/home/rene/Bash/txt2html2/dp.SyntaxHighlighter/Uncompressed/shBrushPython.js
/home/rene/Bash/txt2html2/dp.SyntaxHighlighter/Uncompressed/shBrushRuby.js
/home/rene/Bash/txt2html2/dp.SyntaxHighlighter/Uncompressed/shBrushSql.js
/home/rene/Bash/txt2html2/dp.SyntaxHighlighter/Uncompressed/shBrushVb.js
/home/rene/Bash/txt2html2/dp.SyntaxHighlighter/Uncompressed/shBrushXml.js
/home/rene/Bash/txt2html2/dp.SyntaxHighlighter/Uncompressed/shCore.js
/home/rene/Bash/yad/logoff.desktop
/home/rene/Bash/yad/logoff.sh
/home/rene/Bash/yad/yadtest.sh
/home/rene/Bash/yad/yadtest2.sh
/home/rene/Bash/zenity/GTKDialog.sh
/home/rene/Bash/zenity/changeentry.sh
/home/rene/Bash/zenity/configfile
/home/rene/Bash/zenity/grepi.sh
/home/rene/Bash/zenity/grepi.sh~
/home/rene/Bash/zenity/refractainstaller-new
schreibe 1 in /tmp/.backup/counter
do after action
do before Action
Sicherungsbeginn---------1---------------030315-091821
Sichere  /home/rene/Bash --exclude=Downloads --exclude=backup --exclude=Image  nach /tmp/bac-1.tar
0 -> Vollsicherung 1-N -> Differentielle Sicherungen
schreibe 2 in /tmp/.backup/counter
do after action
do before Action
Sicherungsbeginn---------2---------------030315-094415
Sichere  /home/rene/Bash --exclude=Downloads --exclude=backup --exclude=Image  nach /tmp/bac-2.tar
0 -> Vollsicherung 1-N -> Differentielle Sicherungen
schreibe 3 in /tmp/.backup/counter
do after action
do before Action
Sicherungsbeginn---------3---------------030315-094858
Sichere  /home/rene/Bash --exclude=Downloads --exclude=backup --exclude=Image  nach /tmp/bac-3.tar
0 -> Vollsicherung 1-N -> Differentielle Sicherungen
schreibe 4 in /tmp/.backup/counter
do after action
do before Action
Sicherungsbeginn---------5---------------030315-102143
Sichere  /home/rene/Bash --exclude=Downloads --exclude=backup --exclude=Image  nach /tmp/bac-5.tar
0 -> Vollsicherung 1-N -> Differentielle Sicherungen
schreibe 6 in /tmp/.backup/counter
do after action
